#
# There is insufficient memory for the Java Runtime Environment to continue.
# Native memory allocation (mmap) failed to map 132120576 bytes for Failed to commit area from 0x0000000082200000 to 0x000000008a000000 of length 132120576.
# Possible reasons:
#   The system is out of physical RAM or swap space
#   The process is running with CompressedOops enabled, and the Java Heap may be blocking the growth of the native heap
# Possible solutions:
#   Reduce memory load on the system
#   Increase physical memory or swap space
#   Check if swap backing store is full
#   Decrease Java heap size (-Xmx/-Xms)
#   Decrease number of Java threads
#   Decrease Java thread stack sizes (-Xss)
#   Set larger code cache with -XX:ReservedCodeCacheSize=
# This output file may be truncated or incomplete.
#
#  Out of Memory Error (t:/workspace/open/src/hotspot/os/windows/os_windows.cpp:3301), pid=9320, tid=14240
#
# JRE version:  (13.0.2+8) (build )
# Java VM: Java HotSpot(TM) 64-Bit Server VM (13.0.2+8, mixed mode, aot, sharing, tiered, compressed oops, g1 gc, windows-amd64)
# No core dump will be written. Minidumps are not enabled by default on client versions of Windows
#

---------------  S U M M A R Y ------------

Command Line: -Dfile.encoding=UTF-8 com.epam.SiCi.Main

Host: Intel(R) Core(TM) i5-8300H CPU @ 2.30GHz, 8 cores, 7G,  Windows 10 , 64 bit Build 18362 (10.0.18362.329)
Time: Wed Feb 19 20:43:41 2020 India Standard Time elapsed time: 0 seconds (0d 0h 0m 0s)

---------------  T H R E A D  ---------------

Current thread (0x0000024af4cdc800):  JavaThread "Unknown thread" [_thread_in_vm, id=14240, stack(0x000000d389a00000,0x000000d389b00000)]

Stack: [0x000000d389a00000,0x000000d389b00000]
Native frames: (J=compiled Java code, j=interpreted, Vv=VM code, C=native code)
V  [jvm.dll+0x624f9a]
V  [jvm.dll+0x770cfa]
V  [jvm.dll+0x7724af]
V  [jvm.dll+0x772ab3]
V  [jvm.dll+0x24bf08]
V  [jvm.dll+0x6222aa]
V  [jvm.dll+0x6170b5]
V  [jvm.dll+0x30a88c]
V  [jvm.dll+0x30a6c2]
V  [jvm.dll+0x30fe36]
V  [jvm.dll+0x353f46]
V  [jvm.dll+0x353720]
V  [jvm.dll+0x2e550a]
V  [jvm.dll+0x2e67a2]
V  [jvm.dll+0x74dd78]
V  [jvm.dll+0x361989]
V  [jvm.dll+0x730e65]
V  [jvm.dll+0x3cc53f]
V  [jvm.dll+0x3ce861]
C  [jli.dll+0x51ff]
C  [ucrtbase.dll+0x20e72]
C  [KERNEL32.DLL+0x17bd4]
C  [ntdll.dll+0x6ced1]


---------------  P R O C E S S  ---------------

Threads class SMR info:
_java_thread_list=0x00007ffa2fa1ccb8, length=0, elements={
}

Java Threads: ( => current thread )

Other Threads:
  0x0000024af4d21000 GCTaskThread "GC Thread#0" [stack: 0x000000d389b00000,0x000000d389c00000] [id=5052]
  0x0000024af4d33000 ConcurrentGCThread "G1 Main Marker" [stack: 0x000000d389c00000,0x000000d389d00000] [id=1556]
  0x0000024af4d34800 ConcurrentGCThread "G1 Conc#0" [stack: 0x000000d389d00000,0x000000d389e00000] [id=17096]

[error occurred during error reporting (printing all threads), id 0xc0000005, EXCEPTION_ACCESS_VIOLATION (0xc0000005) at pc=0x00007ffa2f2551d7]

VM state:not at safepoint (not fully initialized)

VM Mutex/Monitor currently owned by a thread:  ([mutex/lock_event])
[0x0000024af4cd9f90] Heap_lock - owner thread: 0x0000024af4cdc800

Heap address: 0x0000000082200000, size: 2014 MB, Compressed Oops mode: Non-zero based: 0x0000000082200000
Narrow klass base: 0x0000000000000000, Narrow klass shift: 0

GC Heap History (0 events):
No events

Deoptimization events (0 events):
No events

Classes unloaded (0 events):
No events

Classes redefined (0 events):
No events

Internal exceptions (0 events):
No events

Events (8 events):
Event: 0.013 Loaded shared library C:\Program Files\Java\jdk-13.0.2\bin\zip.dll
Event: 0.014 Loaded shared library C:\Program Files\Java\jdk-13.0.2\bin\jimage.dll
Event: 0.016 Loading shared library C:\Program Files\Java\jdk-13.0.2\lib\libjava.base-coop.dll failed, error code 126
Event: 0.016 Loading shared library C:\Program Files\Java\jdk-13.0.2\lib\libjava.logging-coop.dll failed, error code 126
Event: 0.016 Loading shared library C:\Program Files\Java\jdk-13.0.2\lib\libjdk.compiler-coop.dll failed, error code 126
Event: 0.017 Loading shared library C:\Program Files\Java\jdk-13.0.2\lib\libjdk.scripting.nashorn-coop.dll failed, error code 126
Event: 0.017 Loading shared library C:\Program Files\Java\jdk-13.0.2\lib\libjdk.internal.vm.ci-coop.dll failed, error code 126
Event: 0.017 Loading shared library C:\Program Files\Java\jdk-13.0.2\lib\libjdk.internal.vm.compiler-coop.dll failed, error code 126


Dynamic libraries:
0x00007ff7ebaa0000 - 0x00007ff7ebaaf000 	C:\Program Files\Java\jdk-13.0.2\bin\javaw.exe
0x00007ffa6eac0000 - 0x00007ffa6ecb0000 	C:\Windows\SYSTEM32\ntdll.dll
0x00007ffa6dd70000 - 0x00007ffa6de22000 	C:\Windows\System32\KERNEL32.DLL
0x00007ffa6bcf0000 - 0x00007ffa6bf93000 	C:\Windows\System32\KERNELBASE.dll
0x00007ffa6c100000 - 0x00007ffa6c1fa000 	C:\Windows\System32\ucrtbase.dll
0x00007ffa61910000 - 0x00007ffa61925000 	C:\Program Files\Java\jdk-13.0.2\bin\VCRUNTIME140.dll
0x00007ffa66360000 - 0x00007ffa66378000 	C:\Program Files\Java\jdk-13.0.2\bin\jli.dll
0x00007ffa6e240000 - 0x00007ffa6e2e3000 	C:\Windows\System32\ADVAPI32.dll
0x00007ffa6dcd0000 - 0x00007ffa6dd6e000 	C:\Windows\System32\msvcrt.dll
0x00007ffa6d930000 - 0x00007ffa6d9c7000 	C:\Windows\System32\sechost.dll
0x00007ffa6cc70000 - 0x00007ffa6cd90000 	C:\Windows\System32\RPCRT4.dll
0x00007ffa6e8e0000 - 0x00007ffa6ea74000 	C:\Windows\System32\USER32.dll
0x00007ffa6bfa0000 - 0x00007ffa6bfc1000 	C:\Windows\System32\win32u.dll
0x00007ffa5ba90000 - 0x00007ffa5bd15000 	C:\Windows\WinSxS\amd64_microsoft.windows.common-controls_6595b64144ccf1df_6.0.18362.657_none_e6c5b579130e3898\COMCTL32.dll
0x00007ffa6cc40000 - 0x00007ffa6cc66000 	C:\Windows\System32\GDI32.dll
0x00007ffa6cdc0000 - 0x00007ffa6d0f6000 	C:\Windows\System32\combase.dll
0x00007ffa6c980000 - 0x00007ffa6cb14000 	C:\Windows\System32\gdi32full.dll
0x00007ffa6c000000 - 0x00007ffa6c080000 	C:\Windows\System32\bcryptPrimitives.dll
0x00007ffa6bb00000 - 0x00007ffa6bb9e000 	C:\Windows\System32\msvcp_win.dll
0x00007ffa66f30000 - 0x00007ffa66f3a000 	C:\Windows\SYSTEM32\VERSION.dll
0x00007ffa6cd90000 - 0x00007ffa6cdbe000 	C:\Windows\System32\IMM32.DLL
0x00007ffa338d0000 - 0x00007ffa3396b000 	C:\Program Files\Java\jdk-13.0.2\bin\msvcp140.dll
0x00007ffa2ef60000 - 0x00007ffa2fabd000 	C:\Program Files\Java\jdk-13.0.2\bin\server\jvm.dll
0x00007ffa6e8d0000 - 0x00007ffa6e8d8000 	C:\Windows\System32\PSAPI.DLL
0x00007ffa5f0d0000 - 0x00007ffa5f0f4000 	C:\Windows\SYSTEM32\WINMM.dll
0x00007ffa61970000 - 0x00007ffa61979000 	C:\Windows\SYSTEM32\WSOCK32.dll
0x00007ffa6de30000 - 0x00007ffa6de9f000 	C:\Windows\System32\WS2_32.dll
0x00007ffa603f0000 - 0x00007ffa6041d000 	C:\Windows\SYSTEM32\winmmbase.dll
0x00007ffa6cb20000 - 0x00007ffa6cb6a000 	C:\Windows\System32\cfgmgr32.dll
0x00007ffa6ba30000 - 0x00007ffa6ba41000 	C:\Windows\System32\kernel.appcore.dll
0x00007ffa67c30000 - 0x00007ffa67c40000 	C:\Program Files\Java\jdk-13.0.2\bin\verify.dll
0x00007ffa6a2d0000 - 0x00007ffa6a4c4000 	C:\Windows\SYSTEM32\DBGHELP.DLL
0x00007ffa64800000 - 0x00007ffa6482a000 	C:\Windows\SYSTEM32\dbgcore.DLL
0x00007ffa67930000 - 0x00007ffa67956000 	C:\Program Files\Java\jdk-13.0.2\bin\java.dll
0x00007ffa676a0000 - 0x00007ffa676b7000 	C:\Program Files\Java\jdk-13.0.2\bin\zip.dll
0x00007ffa67c20000 - 0x00007ffa67c2a000 	C:\Program Files\Java\jdk-13.0.2\bin\jimage.dll

dbghelp: loaded successfully - version: 4.0.5 - missing functions: none
symbol engine: initialized successfully - sym options: 0x614 - pdb path: .;C:\Program Files\Java\jdk-13.0.2\bin;C:\Windows\SYSTEM32;C:\Windows\WinSxS\amd64_microsoft.windows.common-controls_6595b64144ccf1df_6.0.18362.657_none_e6c5b579130e3898;C:\Program Files\Java\jdk-13.0.2\bin\server

VM Arguments:
jvm_args: -Dfile.encoding=UTF-8 
java_command: com.epam.SiCi.Main
java_class_path (initial): C:\Users\RUPINI\eclipse-workspace\SiCi\target\classes
Launcher Type: SUN_STANDARD

[Global flags]
     intx CICompilerCount                          = 4                                         {product} {ergonomic}
     uint ConcGCThreads                            = 2                                         {product} {ergonomic}
     uint G1ConcRefinementThreads                  = 8                                         {product} {ergonomic}
   size_t G1HeapRegionSize                         = 1048576                                   {product} {ergonomic}
    uintx GCDrainStackTargetSize                   = 64                                        {product} {ergonomic}
   size_t InitialHeapSize                          = 132120576                                 {product} {ergonomic}
   size_t MarkStackSize                            = 4194304                                   {product} {ergonomic}
   size_t MaxHeapSize                              = 2111832064                                {product} {ergonomic}
   size_t MinHeapDeltaBytes                        = 1048576                                   {product} {ergonomic}
   size_t MinHeapSize                              = 8388608                                   {product} {ergonomic}
    uintx NonNMethodCodeHeapSize                   = 5839372                                {pd product} {ergonomic}
    uintx NonProfiledCodeHeapSize                  = 122909434                              {pd product} {ergonomic}
    uintx ProfiledCodeHeapSize                     = 122909434                              {pd product} {ergonomic}
    uintx ReservedCodeCacheSize                    = 251658240                              {pd product} {ergonomic}
     bool SegmentedCodeCache                       = true                                      {product} {ergonomic}
   size_t SoftMaxHeapSize                          = 2111832064                             {manageable} {ergonomic}
     bool UseCompressedClassPointers               = true                                 {lp64_product} {ergonomic}
     bool UseCompressedOops                        = true                                 {lp64_product} {ergonomic}
     bool UseG1GC                                  = true                                      {product} {ergonomic}
     bool UseLargePagesIndividualAllocation        = false                                  {pd product} {ergonomic}

Logging:
Log output configuration:
 #0: stdout all=warning uptime,level,tags
 #1: stderr all=off uptime,level,tags

Environment Variables:
PATH=C:/Program Files/Java/jdk-13.0.2/bin/server;C:/Program Files/Java/jdk-13.0.2/bin;C:\Program Files (x86)\Intel\Intel(R) Management Engine Components\iCLS\;C:\Program Files\Intel\Intel(R) Management Engine Components\iCLS\;C:\Windows\system32;C:\Windows;C:\Windows\System32\Wbem;C:\Windows\System32\WindowsPowerShell\v1.0\;C:\Windows\System32\OpenSSH\;C:\Program Files (x86)\NVIDIA Corporation\PhysX\Common;C:\Program Files (x86)\Intel\Intel(R) Management Engine Components\DAL;C:\Program Files\Intel\Intel(R) Management Engine Components\DAL;C:\Program Files (x86)\Intel\Intel(R) Management Engine Components\IPT;C:\Program Files\Intel\Intel(R) Management Engine Components\IPT;C:\Program Files\Intel\WiFi\bin\;C:\Program Files\Common Files\Intel\WirelessCommon\;C:\Program Files\Git\cmd;C:\Users\RUPINI\AppData\Local\Microsoft\WindowsApps;C:\Users\RUPINI\AppData\Local\GitHubDesktop\bin;C:\Program Files\Java\jdk-13.0.2;;C:\Windows\System32;
USERNAME=RUPINI
OS=Windows_NT
PROCESSOR_IDENTIFIER=Intel64 Family 6 Model 158 Stepping 10, GenuineIntel



---------------  S Y S T E M  ---------------

OS: Windows 10 , 64 bit Build 18362 (10.0.18362.329)

CPU:total 8 (initial active 8) (4 cores per cpu, 2 threads per core) family 6 model 158 stepping 10, cmov, cx8, fxsr, mmx, sse, sse2, sse3, ssse3, sse4.1, sse4.2, popcnt, avx, avx2, aes, clmul, erms, 3dnowpref, lzcnt, ht, tsc, tscinvbit, bmi1, bmi2, adx, fma

Memory: 4k page, system-wide physical 8052M (374M free)
TotalPageFile size 32628M (AvailPageFile size 42M)
current process WorkingSet (physical memory assigned to process): 10M, peak: 10M
current process commit charge ("private bytes"): 60M, peak: 186M

vm_info: Java HotSpot(TM) 64-Bit Server VM (13.0.2+8) for windows-amd64 JRE (13.0.2+8), built on Dec 11 2019 09:20:33 by "mach5one" with unknown MS VC++:1916

END.
